Temp/gradleOut/build/outputs/logs/manifest-merger-release-report.txt
-- Merging decision tree log ---
manifest
ADDED from src\main\AndroidManifest.xml:2:1-72:12
	package
		ADDED from src\main\AndroidManifest.xml:2:122-147
		INJECTED from src\main\AndroidManifest.xml
		INJECTED from src\main\AndroidManifest.xml
	android:versionName
		ADDED from src\main\AndroidManifest.xml:2:94-121
		INJECTED from src\main\AndroidManifest.xml
		INJECTED from src\main\AndroidManifest.xml
	android:versionCode
		ADDED from src\main\AndroidManifest.xml:2:70-93
		INJECTED from src\main\AndroidManifest.xml
		INJECTED from src\main\AndroidManifest.xml
	xmlns:android
		ADDED from src\main\AndroidManifest.xml:2:11-69
	android:installLocation
		ADDED from src\main\AndroidManifest.xml:2:148-178
supports-screens
ADDED from src\main\AndroidManifest.xml:3:3-163
	android:largeScreens
		ADDED from src\main\AndroidManifest.xml:3:47-74
	android:smallScreens
		ADDED from src\main\AndroidManifest.xml:3:104-131
	android:normalScreens
		ADDED from src\main\AndroidManifest.xml:3:75-103
	android:xlargeScreens
		ADDED from src\main\AndroidManifest.xml:3:132-160
	android:anyDensity
		ADDED from src\main\AndroidManifest.xml:3:21-46
application
ADDED from src\main\AndroidManifest.xml:4:3-52:17
MERGED from [gradleOut:ShareSDK:unspecified] AndroidManifest.xml:25:5-95:19
	android:label
		ADDED from src\main\AndroidManifest.xml:4:50-82
	android:icon
		ADDED from src\main\AndroidManifest.xml:4:16-49
	android:banner
		ADDED from src\main\AndroidManifest.xml:4:147-184
	android:theme
		ADDED from src\main\AndroidManifest.xml:4:83-124
	android:isGame
		ADDED from src\main\AndroidManifest.xml:4:125-146
	android:name
		ADDED from [gradleOut:ShareSDK:unspecified] AndroidManifest.xml:25:18-55
activity#com.unity3d.player.UnityPlayerActivity
ADDED from src\main\AndroidManifest.xml:5:5-12:16
	android:screenOrientation
		ADDED from src\main\AndroidManifest.xml:5:102-145
	android:label
		ADDED from src\main\AndroidManifest.xml:5:15-47
	android:launchMode
		ADDED from src\main\AndroidManifest.xml:5:146-177
	android:configChanges
		ADDED from src\main\AndroidManifest.xml:5:178-359
	android:name
		ADDED from src\main\AndroidManifest.xml:5:48-101
intent-filter#android.intent.action.MAIN+android.intent.category.LAUNCHER+android.intent.category.LEANBACK_LAUNCHER
ADDED from src\main\AndroidManifest.xml:6:7-10:23
action#android.intent.action.MAIN
ADDED from src\main\AndroidManifest.xml:7:9-61
	android:name
		ADDED from src\main\AndroidManifest.xml:7:17-58
category#android.intent.category.LAUNCHER
ADDED from src\main\AndroidManifest.xml:8:9-69
	android:name
		ADDED from src\main\AndroidManifest.xml:8:19-66
category#android.intent.category.LEANBACK_LAUNCHER
ADDED from src\main\AndroidManifest.xml:9:9-78
	android:name
		ADDED from src\main\AndroidManifest.xml:9:19-75
meta-data#unityplayer.UnityActivity
ADDED from src\main\AndroidManifest.xml:11:7-82
	android:value
		ADDED from src\main\AndroidManifest.xml:11:59-79
	android:name
		ADDED from src\main\AndroidManifest.xml:11:18-58
activity#com.mob.tools.MobUIShell
ADDED from src\main\AndroidManifest.xml:13:5-26:16
MERGED from [gradleOut:ShareSDK:unspecified] AndroidManifest.xml:26:9-47:20
	android:windowSoftInputMode
		ADDED from src\main\AndroidManifest.xml:13:177-231
	android:configChanges
		ADDED from src\main\AndroidManifest.xml:13:15-76
	android:theme
		ADDED from src\main\AndroidManifest.xml:13:117-176
	android:name
		ADDED from src\main\AndroidManifest.xml:13:77-116
intent-filter#android.intent.category.DEFAULT+com.sina.weibo.sdk.action.ACTION_SDK_REQ_ACTIVITY
ADDED from src\main\AndroidManifest.xml:15:7-18:23
action#com.sina.weibo.sdk.action.ACTION_SDK_REQ_ACTIVITY
ADDED from src\main\AndroidManifest.xml:16:9-84
	android:name
		ADDED from src\main\AndroidManifest.xml:16:17-81
category#android.intent.category.DEFAULT
ADDED from src\main\AndroidManifest.xml:17:9-68
	android:name
		ADDED from src\main\AndroidManifest.xml:17:19-65
intent-filter#android.intent.action.VIEW+android.intent.category.BROWSABLE+android.intent.category.DEFAULT
ADDED from src\main\AndroidManifest.xml:20:7-25:23
	android:priority
		ADDED from src\main\AndroidManifest.xml:20:22-45
action#android.intent.action.VIEW
ADDED from src\main\AndroidManifest.xml:21:9-61
	android:name
		ADDED from src\main\AndroidManifest.xml:21:17-58
category#android.intent.category.BROWSABLE
ADDED from src\main\AndroidManifest.xml:23:9-70
	android:name
		ADDED from src\main\AndroidManifest.xml:23:19-67
data
ADDED from src\main\AndroidManifest.xml:24:9-50
	android:scheme
		ADDED from src\main\AndroidManifest.xml:24:15-47
activity#cn.sharesdk.tencent.qq.ReceiveActivity
ADDED from src\main\AndroidManifest.xml:32:5-39:16
MERGED from [gradleOut:ShareSDK:unspecified] AndroidManifest.xml:54:9-66:20
	android:launchMode
		ADDED from src\main\AndroidManifest.xml:32:15-46
	android:noHistory
		ADDED from src\main\AndroidManifest.xml:32:101-125
	android:name
		ADDED from src\main\AndroidManifest.xml:32:47-100
activity#cn.sharesdk.demo.wxapi.WXEntryActivity
ADDED from src\main\AndroidManifest.xml:41:5-217
MERGED from [gradleOut:ShareSDK:unspecified] AndroidManifest.xml:69:9-73:75
	android:exported
		ADDED from src\main\AndroidManifest.xml:41:77-100
	android:configChanges
		ADDED from src\main\AndroidManifest.xml:41:15-76
	android:theme
		ADDED from src\main\AndroidManifest.xml:41:155-214
	android:name
		ADDED from src\main\AndroidManifest.xml:41:101-154
activity#cn.sharesdk.demo.yxapi.YXEntryActivity
ADDED from src\main\AndroidManifest.xml:43:5-282
MERGED from [gradleOut:ShareSDK:unspecified] AndroidManifest.xml:75:9-81:75
	android:excludeFromRecents
		ADDED from src\main\AndroidManifest.xml:43:77-110
	android:launchMode
		ADDED from src\main\AndroidManifest.xml:43:135-165
	android:exported
		ADDED from src\main\AndroidManifest.xml:43:111-134
	android:configChanges
		ADDED from src\main\AndroidManifest.xml:43:15-76
	android:theme
		ADDED from src\main\AndroidManifest.xml:43:220-279
	android:name
		ADDED from src\main\AndroidManifest.xml:43:166-219
activity#cn.sharesdk.demo.apshare.ShareEntryActivity
ADDED from src\main\AndroidManifest.xml:45:5-222
MERGED from [gradleOut:ShareSDK:unspecified] AndroidManifest.xml:83:9-87:75
	android:exported
		ADDED from src\main\AndroidManifest.xml:45:77-100
	android:configChanges
		ADDED from src\main\AndroidManifest.xml:45:15-76
	android:theme
		ADDED from src\main\AndroidManifest.xml:45:160-219
	android:name
		ADDED from src\main\AndroidManifest.xml:45:101-159
meta-data#Mob-AppKey
ADDED from src\main\AndroidManifest.xml:46:5-72
MERGED from [gradleOut:ShareSDK:unspecified] AndroidManifest.xml:89:9-91:43
	android:value
		ADDED from src\main\AndroidManifest.xml:46:42-69
	android:name
		ADDED from src\main\AndroidManifest.xml:46:16-41
meta-data#Mob-AppSecret
ADDED from src\main\AndroidManifest.xml:47:5-96
MERGED from [gradleOut:ShareSDK:unspecified] AndroidManifest.xml:92:9-94:64
	android:value
		ADDED from src\main\AndroidManifest.xml:47:45-93
	android:name
		ADDED from src\main\AndroidManifest.xml:47:16-44
meta-data#unity.build-id
ADDED from src\main\AndroidManifest.xml:48:5-101
	android:value
		ADDED from src\main\AndroidManifest.xml:48:46-98
	android:name
		ADDED from src\main\AndroidManifest.xml:48:16-45
meta-data#unity.splash-mode
ADDED from src\main\AndroidManifest.xml:49:5-69
	android:value
		ADDED from src\main\AndroidManifest.xml:49:49-66
	android:name
		ADDED from src\main\AndroidManifest.xml:49:16-48
meta-data#unity.splash-enable
ADDED from src\main\AndroidManifest.xml:50:5-74
	android:value
		ADDED from src\main\AndroidManifest.xml:50:51-71
	android:name
		ADDED from src\main\AndroidManifest.xml:50:16-50
meta-data#android.max_aspect
ADDED from src\main\AndroidManifest.xml:51:5-72
	android:value
		ADDED from src\main\AndroidManifest.xml:51:50-69
	android:name
		ADDED from src\main\AndroidManifest.xml:51:16-49
uses-sdk
ADDED from src\main\AndroidManifest.xml:53:3-72
MERGED from [gradleOut:ShareSDK:unspecified] AndroidManifest.xml:7:5-9:40
	android:targetSdkVersion
		ADDED from src\main\AndroidManifest.xml:53:40-69
		INJECTED from src\main\AndroidManifest.xml
		INJECTED from src\main\AndroidManifest.xml
	android:minSdkVersion
		ADDED from src\main\AndroidManifest.xml:53:13-39
uses-permission#android.permission.GET_TASKS
ADDED from src\main\AndroidManifest.xml:54:3-66
MERGED from [gradleOut:ShareSDK:unspecified] AndroidManifest.xml:11:5-68
	android:name
		ADDED from src\main\AndroidManifest.xml:54:20-63
uses-permission#android.permission.INTERNET
ADDED from src\main\AndroidManifest.xml:55:3-65
MERGED from [gradleOut:ShareSDK:unspecified] AndroidManifest.xml:12:5-67
	android:name
		ADDED from src\main\AndroidManifest.xml:55:20-62
uses-permission#android.permission.ACCESS_WIFI_STATE
ADDED from src\main\AndroidManifest.xml:56:3-74
MERGED from [gradleOut:ShareSDK:unspecified] AndroidManifest.xml:13:5-76
	android:name
		ADDED from src\main\AndroidManifest.xml:56:20-71
uses-permission#android.permission.ACCESS_NETWORK_STATE
ADDED from src\main\AndroidManifest.xml:57:3-77
MERGED from [gradleOut:ShareSDK:unspecified] AndroidManifest.xml:14:5-79
	android:name
		ADDED from src\main\AndroidManifest.xml:57:20-74
uses-permission#android.permission.CHANGE_WIFI_STATE
ADDED from src\main\AndroidManifest.xml:58:3-74
MERGED from [gradleOut:ShareSDK:unspecified] AndroidManifest.xml:15:5-76
	android:name
		ADDED from src\main\AndroidManifest.xml:58:20-71
uses-permission#android.permission.WRITE_EXTERNAL_STORAGE
ADDED from src\main\AndroidManifest.xml:59:3-79
MERGED from [gradleOut:ShareSDK:unspecified] AndroidManifest.xml:16:5-81
	android:name
		ADDED from src\main\AndroidManifest.xml:59:20-76
uses-permission#android.permission.READ_PHONE_STATE
ADDED from src\main\AndroidManifest.xml:60:3-73
MERGED from [gradleOut:ShareSDK:unspecified] AndroidManifest.xml:17:5-75
	android:name
		ADDED from src\main\AndroidManifest.xml:60:20-70
uses-permission#android.permission.MANAGE_ACCOUNTS
ADDED from src\main\AndroidManifest.xml:61:3-72
MERGED from [gradleOut:ShareSDK:unspecified] AndroidManifest.xml:18:5-74
	android:name
		ADDED from src\main\AndroidManifest.xml:61:20-69
uses-permission#android.permission.GET_ACCOUNTS
ADDED from src\main\AndroidManifest.xml:62:3-69
MERGED from [gradleOut:ShareSDK:unspecified] AndroidManifest.xml:19:5-71
	android:name
		ADDED from src\main\AndroidManifest.xml:62:20-66
uses-permission#android.permission.RECEIVE_SMS
ADDED from src\main\AndroidManifest.xml:63:3-68
MERGED from [gradleOut:ShareSDK:unspecified] AndroidManifest.xml:20:5-70
	android:name
		ADDED from src\main\AndroidManifest.xml:63:20-65
uses-permission#android.permission.BLUETOOTH
ADDED from src\main\AndroidManifest.xml:65:3-66
MERGED from [gradleOut:ShareSDK:unspecified] AndroidManifest.xml:22:5-68
	android:name
		ADDED from src\main\AndroidManifest.xml:65:20-63
uses-permission#android.permission.BLUETOOTH_ADMIN
ADDED from src\main\AndroidManifest.xml:66:3-72
MERGED from [gradleOut:ShareSDK:unspecified] AndroidManifest.xml:23:5-74
	android:name
		ADDED from src\main\AndroidManifest.xml:66:20-69
uses-feature#0x00020000
ADDED from src\main\AndroidManifest.xml:67:3-52
	android:glEsVersion
		ADDED from src\main\AndroidManifest.xml:67:17-49
uses-feature#android.hardware.sensor.accelerometer
ADDED from src\main\AndroidManifest.xml:68:3-97
	android:required
		ADDED from src\main\AndroidManifest.xml:68:70-94
	android:name
		ADDED from src\main\AndroidManifest.xml:68:17-69
uses-feature#android.hardware.touchscreen
ADDED from src\main\AndroidManifest.xml:69:3-88
	android:required
		ADDED from src\main\AndroidManifest.xml:69:61-85
	android:name
		ADDED from src\main\AndroidManifest.xml:69:17-60
uses-feature#android.hardware.touchscreen.multitouch
ADDED from src\main\AndroidManifest.xml:70:3-99
	android:required
		ADDED from src\main\AndroidManifest.xml:70:72-96
	android:name
		ADDED from src\main\AndroidManifest.xml:70:17-71
uses-feature#android.hardware.touchscreen.multitouch.distinct
ADDED from src\main\AndroidManifest.xml:71:3-108
	android:required
		ADDED from src\main\AndroidManifest.xml:71:81-105
	android:name
		ADDED from src\main\AndroidManifest.xml:71:17-80
uses-permission#android.permission.READ_EXTERNAL_STORAGE
IMPLIED from src\main\AndroidManifest.xml:2:1-72:12 reason: cn.sharesdk.demo requested WRITE_EXTERNAL_STORAGE